# JRE version: OpenJDK Runtime Environment Homebrew (17.0.1+1) (build 17.0.1+1)
# Java VM: OpenJDK 64-Bit Server VM Homebrew (17.0.1+1, mixed mode, emulated-client, sharing, tiered, compressed oops, compressed class ptrs, g1 gc, bsd-amd64)
GC Precious Log:
 CPUs: 8 total, 8 available
 Memory: 8192M
 Large Page Support: Disabled
 NUMA Support: Disabled
 Compressed Oops: Enabled (Zero based)
 Heap Region Size: 1M
 Heap Min Capacity: 8M
 Heap Initial Capacity: 128M
 Heap Max Capacity: 2G
 Pre-touch: Disabled
 Parallel Workers: 8
 Concurrent Workers: 2
 Concurrent Refinement Workers: 8
 Periodic GC: Disabled
Heap:
 garbage-first heap   total 60416K, used 33128K [0x0000000780000000, 0x0000000800000000)
  region size 1024K, 2 young (2048K), 1 survivors (1024K)
 Metaspace       used 27659K, committed 28032K, reserved 1073152K
  class space    used 3728K, committed 3904K, reserved 1048576K
GC Heap History (12 events):
Event: 0.613 GC heap before
{Heap before GC invocations=0 (full 0):
 garbage-first heap   total 133120K, used 23508K [0x0000000780000000, 0x0000000800000000)
  region size 1024K, 23 young (23552K), 0 survivors (0K)
 Metaspace       used 5251K, committed 5376K, reserved 1056768K
  class space    used 755K, committed 832K, reserved 1048576K
}
Event: 0.617 GC heap after
{Heap after GC invocations=1 (full 0):
 garbage-first heap   total 133120K, used 5460K [0x0000000780000000, 0x0000000800000000)
  region size 1024K, 3 young (3072K), 3 survivors (3072K)
 Metaspace       used 5251K, committed 5376K, reserved 1056768K
  class space    used 755K, committed 832K, reserved 1048576K
}
Event: 1.279 GC heap before
{Heap before GC invocations=1 (full 0):
 garbage-first heap   total 133120K, used 40276K [0x0000000780000000, 0x0000000800000000)
  region size 1024K, 37 young (37888K), 3 survivors (3072K)
 Metaspace       used 13360K, committed 13632K, reserved 1064960K
  class space    used 1831K, committed 1984K, reserved 1048576K
}
Event: 1.284 GC heap after
{Heap after GC invocations=2 (full 0):
 garbage-first heap   total 133120K, used 7836K [0x0000000780000000, 0x0000000800000000)
  region size 1024K, 3 young (3072K), 3 survivors (3072K)
 Metaspace       used 13360K, committed 13632K, reserved 1064960K
  class space    used 1831K, committed 1984K, reserved 1048576K
}
Event: 2.178 GC heap before
{Heap before GC invocations=2 (full 0):
 garbage-first heap   total 133120K, used 52892K [0x0000000780000000, 0x0000000800000000)
  region size 1024K, 48 young (49152K), 3 survivors (3072K)
 Metaspace       used 21180K, committed 21504K, reserved 1073152K
  class space    used 2903K, committed 3072K, reserved 1048576K
}
Event: 2.183 GC heap after
{Heap after GC invocations=3 (full 0):
 garbage-first heap   total 133120K, used 11634K [0x0000000780000000, 0x0000000800000000)
  region size 1024K, 6 young (6144K), 6 survivors (6144K)
 Metaspace       used 21180K, committed 21504K, reserved 1073152K
  class space    used 2903K, committed 3072K, reserved 1048576K
}
Event: 9.014 GC heap before
{Heap before GC invocations=4 (full 0):
 garbage-first heap   total 48128K, used 33138K [0x0000000780000000, 0x0000000800000000)
  region size 1024K, 28 young (28672K), 6 survivors (6144K)
 Metaspace       used 26635K, committed 27008K, reserved 1073152K
  class space    used 3559K, committed 3712K, reserved 1048576K
}
Event: 9.027 GC heap after
{Heap after GC invocations=5 (full 0):
 garbage-first heap   total 48128K, used 13393K [0x0000000780000000, 0x0000000800000000)
  region size 1024K, 3 young (3072K), 3 survivors (3072K)
 Metaspace       used 26635K, committed 27008K, reserved 1073152K
  class space    used 3559K, committed 3712K, reserved 1048576K
}
Event: 9.047 GC heap before
{Heap before GC invocations=5 (full 0):
 garbage-first heap   total 48128K, used 18513K [0x0000000780000000, 0x0000000800000000)
  region size 1024K, 4 young (4096K), 3 survivors (3072K)
 Metaspace       used 26756K, committed 27072K, reserved 1073152K
  class space    used 3569K, committed 3712K, reserved 1048576K
}
Event: 9.051 GC heap after
{Heap after GC invocations=6 (full 0):
 garbage-first heap   total 48128K, used 17516K [0x0000000780000000, 0x0000000800000000)
  region size 1024K, 1 young (1024K), 1 survivors (1024K)
 Metaspace       used 26756K, committed 27072K, reserved 1073152K
  class space    used 3569K, committed 3712K, reserved 1048576K
}
Event: 9.158 GC heap before
{Heap before GC invocations=6 (full 0):
 garbage-first heap   total 48128K, used 31852K [0x0000000780000000, 0x0000000800000000)
  region size 1024K, 13 young (13312K), 1 survivors (1024K)
 Metaspace       used 27640K, committed 28032K, reserved 1073152K
  class space    used 3726K, committed 3904K, reserved 1048576K
}
Event: 9.160 GC heap after
{Heap after GC invocations=7 (full 0):
 garbage-first heap   total 48128K, used 21864K [0x0000000780000000, 0x0000000800000000)
  region size 1024K, 1 young (1024K), 1 survivors (1024K)
 Metaspace       used 27640K, committed 28032K, reserved 1073152K
  class space    used 3726K, committed 3904K, reserved 1048576K
}

